  App.cpp
C:\Users\shake\Desktop\GinuhGamesDevelopment-ProjectI\Project\Game\Source\Animation.h(54,19): warning C4244: 'inicializando': conversión de 'const float' a 'int'; posible pérdida de datos
C:\Users\shake\Desktop\GinuhGamesDevelopment-ProjectI\Project\Game\Source\Animation.h(56,30): warning C4244: '=': conversión de 'float' a 'int'; posible pérdida de datos
C:\Users\shake\Desktop\GinuhGamesDevelopment-ProjectI\Project\Game\Source\Collider.h(21,1): warning C4099: 'Collider': nombre de tipo visto anteriormente usando 'struct' ahora se ve usando 'class'
C:\Users\shake\Desktop\GinuhGamesDevelopment-ProjectI\Project\Game\Source\Collider.h(20): message : vea la declaración de 'Collider'
C:\Users\shake\Desktop\GinuhGamesDevelopment-ProjectI\Project\Game\Source\Collider.h(30,1): warning C4244: '+=': conversión de 'float' a 'int'; posible pérdida de datos
C:\Users\shake\Desktop\GinuhGamesDevelopment-ProjectI\Project\Game\Source\Collider.h(31,1): warning C4244: '+=': conversión de 'float' a 'int'; posible pérdida de datos
C:\Users\shake\Desktop\GinuhGamesDevelopment-ProjectI\Project\Game\Source\Player.h(11,16): warning C4099: 'Collider': nombre de tipo visto anteriormente usando 'class' ahora se ve usando 'struct'
C:\Users\shake\Desktop\GinuhGamesDevelopment-ProjectI\Project\Game\Source\Collider.h(20): message : vea la declaración de 'Collider'
C:\Users\shake\Desktop\GinuhGamesDevelopment-ProjectI\Project\Game\Source\Enemy.h(10,16): warning C4099: 'Collider': nombre de tipo visto anteriormente usando 'class' ahora se ve usando 'struct'
C:\Users\shake\Desktop\GinuhGamesDevelopment-ProjectI\Project\Game\Source\Player.h(11): message : vea la declaración de 'Collider'
C:\Users\shake\Desktop\GinuhGamesDevelopment-ProjectI\Project\Game\Source\App.cpp(195,28): warning C4244: '=': conversión de 'double' a 'float'; posible pérdida de datos
C:\Users\shake\Desktop\GinuhGamesDevelopment-ProjectI\Project\Game\Source\App.cpp(234,14): warning C4244: 'inicializando': conversión de 'double' a 'float'; posible pérdida de datos
C:\Users\shake\Desktop\GinuhGamesDevelopment-ProjectI\Project\Game\Source\App.cpp(238,47): warning C4244: 'argumento': conversión de 'float' a 'Uint32'; posible pérdida de datos
  Collider.cpp
C:\Users\shake\Desktop\GinuhGamesDevelopment-ProjectI\Project\Game\Source\Collider.h(21,1): warning C4099: 'Collider': nombre de tipo visto anteriormente usando 'struct' ahora se ve usando 'class'
C:\Users\shake\Desktop\GinuhGamesDevelopment-ProjectI\Project\Game\Source\Collider.h(20): message : vea la declaración de 'Collider'
C:\Users\shake\Desktop\GinuhGamesDevelopment-ProjectI\Project\Game\Source\Collider.h(30,1): warning C4244: '+=': conversión de 'float' a 'int'; posible pérdida de datos
C:\Users\shake\Desktop\GinuhGamesDevelopment-ProjectI\Project\Game\Source\Collider.h(31,1): warning C4244: '+=': conversión de 'float' a 'int'; posible pérdida de datos
C:\Users\shake\Desktop\GinuhGamesDevelopment-ProjectI\Project\Game\Source\Animation.h(54,19): warning C4244: 'inicializando': conversión de 'const float' a 'int'; posible pérdida de datos
C:\Users\shake\Desktop\GinuhGamesDevelopment-ProjectI\Project\Game\Source\Animation.h(56,30): warning C4244: '=': conversión de 'float' a 'int'; posible pérdida de datos
C:\Users\shake\Desktop\GinuhGamesDevelopment-ProjectI\Project\Game\Source\Player.h(11,16): warning C4099: 'Collider': nombre de tipo visto anteriormente usando 'class' ahora se ve usando 'struct'
C:\Users\shake\Desktop\GinuhGamesDevelopment-ProjectI\Project\Game\Source\Collider.h(20): message : vea la declaración de 'Collider'
C:\Users\shake\Desktop\GinuhGamesDevelopment-ProjectI\Project\Game\Source\Collider.cpp(25,15): warning C4244: 'inicializando': conversión de 'TYPE' a 'float'; posible pérdida de datos
          with
          [
              TYPE=int
          ]
C:\Users\shake\Desktop\GinuhGamesDevelopment-ProjectI\Project\Game\Source\Collider.cpp(26,15): warning C4244: 'inicializando': conversión de 'TYPE' a 'float'; posible pérdida de datos
          with
          [
              TYPE=int
          ]
  Enemies.cpp
C:\Users\shake\Desktop\GinuhGamesDevelopment-ProjectI\Project\Game\Source\Animation.h(54,19): warning C4244: 'inicializando': conversión de 'const float' a 'int'; posible pérdida de datos
C:\Users\shake\Desktop\GinuhGamesDevelopment-ProjectI\Project\Game\Source\Animation.h(56,30): warning C4244: '=': conversión de 'float' a 'int'; posible pérdida de datos
C:\Users\shake\Desktop\GinuhGamesDevelopment-ProjectI\Project\Game\Source\Collider.h(21,1): warning C4099: 'Collider': nombre de tipo visto anteriormente usando 'struct' ahora se ve usando 'class'
C:\Users\shake\Desktop\GinuhGamesDevelopment-ProjectI\Project\Game\Source\Collider.h(20): message : vea la declaración de 'Collider'
C:\Users\shake\Desktop\GinuhGamesDevelopment-ProjectI\Project\Game\Source\Collider.h(30,1): warning C4244: '+=': conversión de 'float' a 'int'; posible pérdida de datos
C:\Users\shake\Desktop\GinuhGamesDevelopment-ProjectI\Project\Game\Source\Collider.h(31,1): warning C4244: '+=': conversión de 'float' a 'int'; posible pérdida de datos
C:\Users\shake\Desktop\GinuhGamesDevelopment-ProjectI\Project\Game\Source\Player.h(11,16): warning C4099: 'Collider': nombre de tipo visto anteriormente usando 'class' ahora se ve usando 'struct'
C:\Users\shake\Desktop\GinuhGamesDevelopment-ProjectI\Project\Game\Source\Collider.h(20): message : vea la declaración de 'Collider'
C:\Users\shake\Desktop\GinuhGamesDevelopment-ProjectI\Project\Game\Source\Enemy.h(10,16): warning C4099: 'Collider': nombre de tipo visto anteriormente usando 'class' ahora se ve usando 'struct'
C:\Users\shake\Desktop\GinuhGamesDevelopment-ProjectI\Project\Game\Source\Player.h(11): message : vea la declaración de 'Collider'
  Enemy.cpp
C:\Users\shake\Desktop\GinuhGamesDevelopment-ProjectI\Project\Game\Source\Animation.h(54,19): warning C4244: 'inicializando': conversión de 'const float' a 'int'; posible pérdida de datos
C:\Users\shake\Desktop\GinuhGamesDevelopment-ProjectI\Project\Game\Source\Animation.h(56,30): warning C4244: '=': conversión de 'float' a 'int'; posible pérdida de datos
C:\Users\shake\Desktop\GinuhGamesDevelopment-ProjectI\Project\Game\Source\Collider.h(21,1): warning C4099: 'Collider': nombre de tipo visto anteriormente usando 'struct' ahora se ve usando 'class'
C:\Users\shake\Desktop\GinuhGamesDevelopment-ProjectI\Project\Game\Source\Collider.h(20): message : vea la declaración de 'Collider'
C:\Users\shake\Desktop\GinuhGamesDevelopment-ProjectI\Project\Game\Source\Collider.h(30,1): warning C4244: '+=': conversión de 'float' a 'int'; posible pérdida de datos
C:\Users\shake\Desktop\GinuhGamesDevelopment-ProjectI\Project\Game\Source\Collider.h(31,1): warning C4244: '+=': conversión de 'float' a 'int'; posible pérdida de datos
C:\Users\shake\Desktop\GinuhGamesDevelopment-ProjectI\Project\Game\Source\Player.h(11,16): warning C4099: 'Collider': nombre de tipo visto anteriormente usando 'class' ahora se ve usando 'struct'
C:\Users\shake\Desktop\GinuhGamesDevelopment-ProjectI\Project\Game\Source\Collider.h(20): message : vea la declaración de 'Collider'
  Enemy_Bird.cpp
C:\Users\shake\Desktop\GinuhGamesDevelopment-ProjectI\Project\Game\Source\Animation.h(54,19): warning C4244: 'inicializando': conversión de 'const float' a 'int'; posible pérdida de datos
C:\Users\shake\Desktop\GinuhGamesDevelopment-ProjectI\Project\Game\Source\Animation.h(56,30): warning C4244: '=': conversión de 'float' a 'int'; posible pérdida de datos
C:\Users\shake\Desktop\GinuhGamesDevelopment-ProjectI\Project\Game\Source\Collider.h(21,1): warning C4099: 'Collider': nombre de tipo visto anteriormente usando 'struct' ahora se ve usando 'class'
C:\Users\shake\Desktop\GinuhGamesDevelopment-ProjectI\Project\Game\Source\Collider.h(20): message : vea la declaración de 'Collider'
C:\Users\shake\Desktop\GinuhGamesDevelopment-ProjectI\Project\Game\Source\Collider.h(30,1): warning C4244: '+=': conversión de 'float' a 'int'; posible pérdida de datos
C:\Users\shake\Desktop\GinuhGamesDevelopment-ProjectI\Project\Game\Source\Collider.h(31,1): warning C4244: '+=': conversión de 'float' a 'int'; posible pérdida de datos
  GameOverScreen.cpp
C:\Users\shake\Desktop\GinuhGamesDevelopment-ProjectI\Project\Game\Source\Animation.h(54,19): warning C4244: 'inicializando': conversión de 'const float' a 'int'; posible pérdida de datos
C:\Users\shake\Desktop\GinuhGamesDevelopment-ProjectI\Project\Game\Source\Animation.h(56,30): warning C4244: '=': conversión de 'float' a 'int'; posible pérdida de datos
C:\Users\shake\Desktop\GinuhGamesDevelopment-ProjectI\Project\Game\Source\Collider.h(21,1): warning C4099: 'Collider': nombre de tipo visto anteriormente usando 'struct' ahora se ve usando 'class'
C:\Users\shake\Desktop\GinuhGamesDevelopment-ProjectI\Project\Game\Source\Collider.h(20): message : vea la declaración de 'Collider'
C:\Users\shake\Desktop\GinuhGamesDevelopment-ProjectI\Project\Game\Source\Collider.h(30,1): warning C4244: '+=': conversión de 'float' a 'int'; posible pérdida de datos
C:\Users\shake\Desktop\GinuhGamesDevelopment-ProjectI\Project\Game\Source\Collider.h(31,1): warning C4244: '+=': conversión de 'float' a 'int'; posible pérdida de datos
C:\Users\shake\Desktop\GinuhGamesDevelopment-ProjectI\Project\Game\Source\Player.h(11,16): warning C4099: 'Collider': nombre de tipo visto anteriormente usando 'class' ahora se ve usando 'struct'
C:\Users\shake\Desktop\GinuhGamesDevelopment-ProjectI\Project\Game\Source\Collider.h(20): message : vea la declaración de 'Collider'
  Level2.cpp
C:\Users\shake\Desktop\GinuhGamesDevelopment-ProjectI\Project\Game\Source\Animation.h(54,19): warning C4244: 'inicializando': conversión de 'const float' a 'int'; posible pérdida de datos
C:\Users\shake\Desktop\GinuhGamesDevelopment-ProjectI\Project\Game\Source\Animation.h(56,30): warning C4244: '=': conversión de 'float' a 'int'; posible pérdida de datos
C:\Users\shake\Desktop\GinuhGamesDevelopment-ProjectI\Project\Game\Source\Collider.h(21,1): warning C4099: 'Collider': nombre de tipo visto anteriormente usando 'struct' ahora se ve usando 'class'
C:\Users\shake\Desktop\GinuhGamesDevelopment-ProjectI\Project\Game\Source\Collider.h(20): message : vea la declaración de 'Collider'
C:\Users\shake\Desktop\GinuhGamesDevelopment-ProjectI\Project\Game\Source\Collider.h(30,1): warning C4244: '+=': conversión de 'float' a 'int'; posible pérdida de datos
C:\Users\shake\Desktop\GinuhGamesDevelopment-ProjectI\Project\Game\Source\Collider.h(31,1): warning C4244: '+=': conversión de 'float' a 'int'; posible pérdida de datos
C:\Users\shake\Desktop\GinuhGamesDevelopment-ProjectI\Project\Game\Source\Player.h(11,16): warning C4099: 'Collider': nombre de tipo visto anteriormente usando 'class' ahora se ve usando 'struct'
C:\Users\shake\Desktop\GinuhGamesDevelopment-ProjectI\Project\Game\Source\Collider.h(20): message : vea la declaración de 'Collider'
  LogoScreen.cpp
C:\Users\shake\Desktop\GinuhGamesDevelopment-ProjectI\Project\Game\Source\Animation.h(54,19): warning C4244: 'inicializando': conversión de 'const float' a 'int'; posible pérdida de datos
C:\Users\shake\Desktop\GinuhGamesDevelopment-ProjectI\Project\Game\Source\Animation.h(56,30): warning C4244: '=': conversión de 'float' a 'int'; posible pérdida de datos
C:\Users\shake\Desktop\GinuhGamesDevelopment-ProjectI\Project\Game\Source\Collider.h(21,1): warning C4099: 'Collider': nombre de tipo visto anteriormente usando 'struct' ahora se ve usando 'class'
C:\Users\shake\Desktop\GinuhGamesDevelopment-ProjectI\Project\Game\Source\Collider.h(20): message : vea la declaración de 'Collider'
C:\Users\shake\Desktop\GinuhGamesDevelopment-ProjectI\Project\Game\Source\Collider.h(30,1): warning C4244: '+=': conversión de 'float' a 'int'; posible pérdida de datos
C:\Users\shake\Desktop\GinuhGamesDevelopment-ProjectI\Project\Game\Source\Collider.h(31,1): warning C4244: '+=': conversión de 'float' a 'int'; posible pérdida de datos
C:\Users\shake\Desktop\GinuhGamesDevelopment-ProjectI\Project\Game\Source\Player.h(11,16): warning C4099: 'Collider': nombre de tipo visto anteriormente usando 'class' ahora se ve usando 'struct'
C:\Users\shake\Desktop\GinuhGamesDevelopment-ProjectI\Project\Game\Source\Collider.h(20): message : vea la declaración de 'Collider'
  Map.cpp
C:\Users\shake\Desktop\GinuhGamesDevelopment-ProjectI\Project\Game\Source\Collider.h(21,1): warning C4099: 'Collider': nombre de tipo visto anteriormente usando 'struct' ahora se ve usando 'class'
C:\Users\shake\Desktop\GinuhGamesDevelopment-ProjectI\Project\Game\Source\Collider.h(20): message : vea la declaración de 'Collider'
C:\Users\shake\Desktop\GinuhGamesDevelopment-ProjectI\Project\Game\Source\Collider.h(30,1): warning C4244: '+=': conversión de 'float' a 'int'; posible pérdida de datos
C:\Users\shake\Desktop\GinuhGamesDevelopment-ProjectI\Project\Game\Source\Collider.h(31,1): warning C4244: '+=': conversión de 'float' a 'int'; posible pérdida de datos
C:\Users\shake\Desktop\GinuhGamesDevelopment-ProjectI\Project\Game\Source\Animation.h(54,19): warning C4244: 'inicializando': conversión de 'const float' a 'int'; posible pérdida de datos
C:\Users\shake\Desktop\GinuhGamesDevelopment-ProjectI\Project\Game\Source\Animation.h(56,30): warning C4244: '=': conversión de 'float' a 'int'; posible pérdida de datos
C:\Users\shake\Desktop\GinuhGamesDevelopment-ProjectI\Project\Game\Source\Player.h(11,16): warning C4099: 'Collider': nombre de tipo visto anteriormente usando 'class' ahora se ve usando 'struct'
C:\Users\shake\Desktop\GinuhGamesDevelopment-ProjectI\Project\Game\Source\Collider.h(20): message : vea la declaración de 'Collider'
  ModuleCollisions.cpp
C:\Users\shake\Desktop\GinuhGamesDevelopment-ProjectI\Project\Game\Source\Collider.h(21,1): warning C4099: 'Collider': nombre de tipo visto anteriormente usando 'struct' ahora se ve usando 'class'
C:\Users\shake\Desktop\GinuhGamesDevelopment-ProjectI\Project\Game\Source\Collider.h(20): message : vea la declaración de 'Collider'
C:\Users\shake\Desktop\GinuhGamesDevelopment-ProjectI\Project\Game\Source\Collider.h(30,1): warning C4244: '+=': conversión de 'float' a 'int'; posible pérdida de datos
C:\Users\shake\Desktop\GinuhGamesDevelopment-ProjectI\Project\Game\Source\Collider.h(31,1): warning C4244: '+=': conversión de 'float' a 'int'; posible pérdida de datos
C:\Users\shake\Desktop\GinuhGamesDevelopment-ProjectI\Project\Game\Source\Animation.h(54,19): warning C4244: 'inicializando': conversión de 'const float' a 'int'; posible pérdida de datos
C:\Users\shake\Desktop\GinuhGamesDevelopment-ProjectI\Project\Game\Source\Animation.h(56,30): warning C4244: '=': conversión de 'float' a 'int'; posible pérdida de datos
C:\Users\shake\Desktop\GinuhGamesDevelopment-ProjectI\Project\Game\Source\Player.h(11,16): warning C4099: 'Collider': nombre de tipo visto anteriormente usando 'class' ahora se ve usando 'struct'
C:\Users\shake\Desktop\GinuhGamesDevelopment-ProjectI\Project\Game\Source\Collider.h(20): message : vea la declaración de 'Collider'
  Player.cpp
C:\Users\shake\Desktop\GinuhGamesDevelopment-ProjectI\Project\Game\Source\Animation.h(54,19): warning C4244: 'inicializando': conversión de 'const float' a 'int'; posible pérdida de datos
C:\Users\shake\Desktop\GinuhGamesDevelopment-ProjectI\Project\Game\Source\Animation.h(56,30): warning C4244: '=': conversión de 'float' a 'int'; posible pérdida de datos
C:\Users\shake\Desktop\GinuhGamesDevelopment-ProjectI\Project\Game\Source\Collider.h(21,1): warning C4099: 'Collider': nombre de tipo visto anteriormente usando 'struct' ahora se ve usando 'class'
C:\Users\shake\Desktop\GinuhGamesDevelopment-ProjectI\Project\Game\Source\Collider.h(20): message : vea la declaración de 'Collider'
C:\Users\shake\Desktop\GinuhGamesDevelopment-ProjectI\Project\Game\Source\Collider.h(30,1): warning C4244: '+=': conversión de 'float' a 'int'; posible pérdida de datos
C:\Users\shake\Desktop\GinuhGamesDevelopment-ProjectI\Project\Game\Source\Collider.h(31,1): warning C4244: '+=': conversión de 'float' a 'int'; posible pérdida de datos
C:\Users\shake\Desktop\GinuhGamesDevelopment-ProjectI\Project\Game\Source\Player.h(11,16): warning C4099: 'Collider': nombre de tipo visto anteriormente usando 'class' ahora se ve usando 'struct'
C:\Users\shake\Desktop\GinuhGamesDevelopment-ProjectI\Project\Game\Source\Collider.h(20): message : vea la declaración de 'Collider'
C:\Users\shake\Desktop\GinuhGamesDevelopment-ProjectI\Project\Game\Source\Player.cpp(198,59): warning C4244: '-=': conversión de 'float' a 'int'; posible pérdida de datos
C:\Users\shake\Desktop\GinuhGamesDevelopment-ProjectI\Project\Game\Source\Player.cpp(202,59): warning C4244: '+=': conversión de 'float' a 'int'; posible pérdida de datos
C:\Users\shake\Desktop\GinuhGamesDevelopment-ProjectI\Project\Game\Source\Player.cpp(420,48): warning C4244: '-=': conversión de 'double' a 'int'; posible pérdida de datos
C:\Users\shake\Desktop\GinuhGamesDevelopment-ProjectI\Project\Game\Source\Player.cpp(428,48): warning C4244: '+=': conversión de 'double' a 'int'; posible pérdida de datos
  Render.cpp
C:\Users\shake\Desktop\GinuhGamesDevelopment-ProjectI\Project\Game\Source\Animation.h(54,19): warning C4244: 'inicializando': conversión de 'const float' a 'int'; posible pérdida de datos
C:\Users\shake\Desktop\GinuhGamesDevelopment-ProjectI\Project\Game\Source\Animation.h(56,30): warning C4244: '=': conversión de 'float' a 'int'; posible pérdida de datos
C:\Users\shake\Desktop\GinuhGamesDevelopment-ProjectI\Project\Game\Source\Collider.h(21,1): warning C4099: 'Collider': nombre de tipo visto anteriormente usando 'struct' ahora se ve usando 'class'
C:\Users\shake\Desktop\GinuhGamesDevelopment-ProjectI\Project\Game\Source\Collider.h(20): message : vea la declaración de 'Collider'
C:\Users\shake\Desktop\GinuhGamesDevelopment-ProjectI\Project\Game\Source\Collider.h(30,1): warning C4244: '+=': conversión de 'float' a 'int'; posible pérdida de datos
C:\Users\shake\Desktop\GinuhGamesDevelopment-ProjectI\Project\Game\Source\Collider.h(31,1): warning C4244: '+=': conversión de 'float' a 'int'; posible pérdida de datos
C:\Users\shake\Desktop\GinuhGamesDevelopment-ProjectI\Project\Game\Source\Player.h(11,16): warning C4099: 'Collider': nombre de tipo visto anteriormente usando 'class' ahora se ve usando 'struct'
C:\Users\shake\Desktop\GinuhGamesDevelopment-ProjectI\Project\Game\Source\Collider.h(20): message : vea la declaración de 'Collider'
C:\Users\shake\Desktop\GinuhGamesDevelopment-ProjectI\Project\Game\Source\Render.cpp(142,35): warning C4244: '=': conversión de 'float' a 'int'; posible pérdida de datos
C:\Users\shake\Desktop\GinuhGamesDevelopment-ProjectI\Project\Game\Source\Render.cpp(143,35): warning C4244: '=': conversión de 'float' a 'int'; posible pérdida de datos
C:\Users\shake\Desktop\GinuhGamesDevelopment-ProjectI\Project\Game\Source\Render.cpp(155,17): warning C4244: '*=': conversión de 'float' a 'int'; posible pérdida de datos
C:\Users\shake\Desktop\GinuhGamesDevelopment-ProjectI\Project\Game\Source\Render.cpp(156,17): warning C4244: '*=': conversión de 'float' a 'int'; posible pérdida de datos
C:\Users\shake\Desktop\GinuhGamesDevelopment-ProjectI\Project\Game\Source\Render.cpp(190,17): warning C4244: '*=': conversión de 'float' a 'int'; posible pérdida de datos
C:\Users\shake\Desktop\GinuhGamesDevelopment-ProjectI\Project\Game\Source\Render.cpp(191,17): warning C4244: '*=': conversión de 'float' a 'int'; posible pérdida de datos
C:\Users\shake\Desktop\GinuhGamesDevelopment-ProjectI\Project\Game\Source\Render.cpp(216,119): warning C4244: 'argumento': conversión de 'float' a 'int'; posible pérdida de datos
C:\Users\shake\Desktop\GinuhGamesDevelopment-ProjectI\Project\Game\Source\Render.cpp(216,96): warning C4244: 'argumento': conversión de 'float' a 'int'; posible pérdida de datos
C:\Users\shake\Desktop\GinuhGamesDevelopment-ProjectI\Project\Game\Source\Render.cpp(216,73): warning C4244: 'argumento': conversión de 'float' a 'int'; posible pérdida de datos
C:\Users\shake\Desktop\GinuhGamesDevelopment-ProjectI\Project\Game\Source\Render.cpp(216,50): warning C4244: 'argumento': conversión de 'float' a 'int'; posible pérdida de datos
C:\Users\shake\Desktop\GinuhGamesDevelopment-ProjectI\Project\Game\Source\Render.cpp(218,80): warning C4244: 'argumento': conversión de 'float' a 'int'; posible pérdida de datos
C:\Users\shake\Desktop\GinuhGamesDevelopment-ProjectI\Project\Game\Source\Render.cpp(218,68): warning C4244: 'argumento': conversión de 'float' a 'int'; posible pérdida de datos
C:\Users\shake\Desktop\GinuhGamesDevelopment-ProjectI\Project\Game\Source\Render.cpp(218,56): warning C4244: 'argumento': conversión de 'float' a 'int'; posible pérdida de datos
C:\Users\shake\Desktop\GinuhGamesDevelopment-ProjectI\Project\Game\Source\Render.cpp(218,44): warning C4244: 'argumento': conversión de 'float' a 'int'; posible pérdida de datos
  Scene.cpp
C:\Users\shake\Desktop\GinuhGamesDevelopment-ProjectI\Project\Game\Source\Animation.h(54,19): warning C4244: 'inicializando': conversión de 'const float' a 'int'; posible pérdida de datos
C:\Users\shake\Desktop\GinuhGamesDevelopment-ProjectI\Project\Game\Source\Animation.h(56,30): warning C4244: '=': conversión de 'float' a 'int'; posible pérdida de datos
C:\Users\shake\Desktop\GinuhGamesDevelopment-ProjectI\Project\Game\Source\Collider.h(21,1): warning C4099: 'Collider': nombre de tipo visto anteriormente usando 'struct' ahora se ve usando 'class'
C:\Users\shake\Desktop\GinuhGamesDevelopment-ProjectI\Project\Game\Source\Collider.h(20): message : vea la declaración de 'Collider'
C:\Users\shake\Desktop\GinuhGamesDevelopment-ProjectI\Project\Game\Source\Collider.h(30,1): warning C4244: '+=': conversión de 'float' a 'int'; posible pérdida de datos
C:\Users\shake\Desktop\GinuhGamesDevelopment-ProjectI\Project\Game\Source\Collider.h(31,1): warning C4244: '+=': conversión de 'float' a 'int'; posible pérdida de datos
C:\Users\shake\Desktop\GinuhGamesDevelopment-ProjectI\Project\Game\Source\Player.h(11,16): warning C4099: 'Collider': nombre de tipo visto anteriormente usando 'class' ahora se ve usando 'struct'
C:\Users\shake\Desktop\GinuhGamesDevelopment-ProjectI\Project\Game\Source\Collider.h(20): message : vea la declaración de 'Collider'
C:\Users\shake\Desktop\GinuhGamesDevelopment-ProjectI\Project\Game\Source\Scene.cpp(62,36): warning C4150: eliminación de puntero a tipo 'Enemy' incompleto; no se ha llamado a un destructor
C:\Users\shake\Desktop\GinuhGamesDevelopment-ProjectI\Project\Game\Source\Enemies.h(24): message : vea la declaración de 'Enemy'
  TitleScreen.cpp
C:\Users\shake\Desktop\GinuhGamesDevelopment-ProjectI\Project\Game\Source\Animation.h(54,19): warning C4244: 'inicializando': conversión de 'const float' a 'int'; posible pérdida de datos
C:\Users\shake\Desktop\GinuhGamesDevelopment-ProjectI\Project\Game\Source\Animation.h(56,30): warning C4244: '=': conversión de 'float' a 'int'; posible pérdida de datos
C:\Users\shake\Desktop\GinuhGamesDevelopment-ProjectI\Project\Game\Source\Collider.h(21,1): warning C4099: 'Collider': nombre de tipo visto anteriormente usando 'struct' ahora se ve usando 'class'
C:\Users\shake\Desktop\GinuhGamesDevelopment-ProjectI\Project\Game\Source\Collider.h(20): message : vea la declaración de 'Collider'
C:\Users\shake\Desktop\GinuhGamesDevelopment-ProjectI\Project\Game\Source\Collider.h(30,1): warning C4244: '+=': conversión de 'float' a 'int'; posible pérdida de datos
C:\Users\shake\Desktop\GinuhGamesDevelopment-ProjectI\Project\Game\Source\Collider.h(31,1): warning C4244: '+=': conversión de 'float' a 'int'; posible pérdida de datos
C:\Users\shake\Desktop\GinuhGamesDevelopment-ProjectI\Project\Game\Source\Player.h(11,16): warning C4099: 'Collider': nombre de tipo visto anteriormente usando 'class' ahora se ve usando 'struct'
C:\Users\shake\Desktop\GinuhGamesDevelopment-ProjectI\Project\Game\Source\Collider.h(20): message : vea la declaración de 'Collider'
  Generando código...
  Game.vcxproj -> C:\Users\shake\Desktop\GinuhGamesDevelopment-ProjectI\Project\Build\Debug\Game.exe
